<?xml version="1.0" encoding="UTF-8"?>
<!-- Generated by org.testng.reporters.JUnitXMLReporter -->
<testsuite hostname="ez-L-125" ignored="0" name="Test" tests="2" failures="0" timestamp="2021-08-24T18:23:48 IST" time="26.264" errors="0">
  <testcase name="verifyLoginWithDifferentUsers" time="4.792" classname="shaip_testcases.VerifyLoginWithDifferentRoles"/>
  <testcase name="verifyLoginWithDifferentUsers" time="4.07" classname="shaip_testcases.VerifyLoginWithDifferentRoles"/>
</testsuite> <!-- Test -->
